<?xml version="1.0" encoding="UTF-8"?>
<testsuite name="pl.inbank.overpayment.integration.CalculationServiceIT" tests="1" skipped="0" failures="0" errors="0" timestamp="2024-03-24T22:07:12" hostname="DORSZYKP" time="0.233">
  <properties/>
  <testcase name="That whole app calculation works correctly" classname="pl.inbank.overpayment.integration.CalculationServiceIT" time="0.233"/>
  <system-out><![CDATA[]]></system-out>
  <system-err><![CDATA[]]></system-err>
</testsuite>
