<?xml version="1.0" encoding="UTF-8"?>
<testsuite name="pl.inbank.overpayment.services.InstallmentCalculationServiceImplTest" tests="1" skipped="0" failures="0" errors="0" timestamp="2024-03-24T22:07:13" hostname="DORSZYKP" time="0.543">
  <properties/>
  <testcase name="thatInstallmentsAreCalculatedCorrectly()" classname="pl.inbank.overpayment.services.InstallmentCalculationServiceImplTest" time="0.543"/>
  <system-out><![CDATA[]]></system-out>
  <system-err><![CDATA[]]></system-err>
</testsuite>
